2025-07-24 12:47:41 | INFO | run.py | Starting data collection...
2025-07-24 12:47:41 | INFO | b2_data_collection.py | Database schema exists. Filling tables with values.
2025-07-24 12:47:42 | INFO | a98_db_beehives_update.py | currently no new sensor nodes are mounted Or json file(/s1_data) is not yet updated
2025-07-24 12:47:44 | INFO | b1_fill_sensor_node_tables.py | Inserted data into table: digital_bee_hive_42_s2120
2025-07-24 12:47:44 | INFO | b1_fill_sensor_node_tables.py | Inserted data into table: digital_bee_hive_42_dragino_s31lb
2025-07-24 12:47:44 | INFO | b1_fill_sensor_node_tables.py | Inserted data into table: digital_bee_hive_42_dragino_d23_lb
2025-07-24 12:47:44 | INFO | db.py | beehives_sensornodes, total Rows: (7,)
2025-07-24 12:47:44 | ERROR | run.py | Error occurred during data storage and Program Terminated abruptly
Traceback (most recent call last):
  File "E:\VS_Code_Projects_2025\42\BeeHappy/src/run.py", line 21, in run_every_5minutes
    beehappy_data_collection()
  File "E:\VS_Code_Projects_2025\42\BeeHappy/src\s4_collect\b2_data_collection.py", line 72, in beehappy_data_collection
    filling_tables_with_sensor_measured_values(cursor)
  File "E:\VS_Code_Projects_2025\42\BeeHappy/src\s4_collect\b1_fill_sensor_node_tables.py", line 131, in filling_tables_with_sensor_measured_values
    print_dbTables_totalRows(cursor)
  File "E:\VS_Code_Projects_2025\42\BeeHappy/src\utils\db.py", line 69, in print_dbTables_totalRows
    print(f"{table_name}, total Rows: {cursor.fetchall()[0]}")
                                       ~~~~~~~~~~~~~~~~~^^^
IndexError: list index out of range
2025-07-24 12:47:47 | INFO | monitor.py | Email sent to yamini.technical@yahoo.com
2025-07-24 12:51:31 | INFO | run.py | Starting data collection...
2025-07-24 12:51:32 | INFO | b2_data_collection.py | Database schema exists. Filling tables with values.
2025-07-24 12:51:33 | INFO | a98_db_beehives_update.py | currently no new sensor nodes are mounted Or json file(/s1_data) is not yet updated
2025-07-24 12:51:34 | INFO | b1_fill_sensor_node_tables.py | Inserted data into table: digital_bee_hive_42_s2120
2025-07-24 12:51:35 | INFO | b1_fill_sensor_node_tables.py | Inserted data into table: digital_bee_hive_42_dragino_s31lb
2025-07-24 12:51:35 | INFO | b1_fill_sensor_node_tables.py | Inserted data into table: digital_bee_hive_42_dragino_d23_lb
2025-07-24 12:51:35 | INFO | db.py | beehives_sensornodes, total Rows: (7,)

2025-07-24 12:51:35 | INFO | db.py | digital_bee_hive_42_s2120, total Rows: (90,)

2025-07-24 12:51:35 | INFO | db.py | digital_bee_hive_42_dragino_s31lb, total Rows: (270,)

2025-07-24 12:51:35 | INFO | db.py | digital_bee_hive_42_dragino_d23_lb, total Rows: (270,)

2025-07-24 12:51:35 | INFO | db.py | Database connection closed successfully.
2025-07-24 12:51:35 | INFO | run.py | Data stored successfully.
2025-07-24 12:55:41 | INFO | a99_db_schema_creation.py | Deleting existing database schema...
2025-07-24 12:55:41 | INFO | a99_db_schema_creation.py | Database schema deleted successfully.
2025-07-24 12:55:42 | INFO | a99_db_schema_creation.py | Database schema created successfully.
2025-07-24 12:55:44 | INFO | b2_data_collection.py | Database schema deleted. Recreated again and beehives table filled.
2025-07-24 12:55:44 | INFO | db.py | Database connection closed successfully.
2025-07-24 12:59:58 | INFO | run.py | Starting data collection...
2025-07-24 12:59:58 | INFO | b2_data_collection.py | Database schema exists. Filling tables with values.
2025-07-24 13:00:00 | INFO | a98_db_beehives_update.py | currently no new sensor nodes are mounted Or json file(/s1_data) is not yet updated
2025-07-24 13:00:01 | INFO | b1_fill_sensor_node_tables.py | Inserted data into table: digital_bee_hive_42_s2120
2025-07-24 13:00:01 | INFO | b1_fill_sensor_node_tables.py | Inserted data into table: digital_bee_hive_42_dragino_s31lb
2025-07-24 13:00:02 | INFO | b1_fill_sensor_node_tables.py | Inserted data into table: digital_bee_hive_42_dragino_d23_lb
2025-07-24 13:00:02 | INFO | db.py | beehives_sensornodes, total Rows: (7,)

2025-07-24 13:00:02 | INFO | db.py | digital_bee_hive_42_s2120, total Rows: (90,)

2025-07-24 13:00:02 | INFO | db.py | digital_bee_hive_42_dragino_s31lb, total Rows: (270,)

2025-07-24 13:00:02 | INFO | db.py | digital_bee_hive_42_dragino_d23_lb, total Rows: (270,)

2025-07-24 13:00:02 | INFO | db.py | Database connection closed successfully.
2025-07-24 13:00:02 | INFO | run.py | Data stored successfully.
2025-07-25 10:05:41 | INFO | run.py | Starting data collection...
2025-07-25 10:05:42 | INFO | b2_data_collection.py | Database schema exists. Filling tables with values.
2025-07-25 10:05:43 | INFO | a98_db_beehives_update.py | currently no new sensor nodes are mounted Or json file(/s1_data) is not yet updated
2025-07-25 10:05:44 | INFO | b1_fill_sensor_node_tables.py | Inserted data into table: digital_bee_hive_42_s2120
2025-07-25 10:05:44 | INFO | b1_fill_sensor_node_tables.py | Inserted data into table: digital_bee_hive_42_dragino_s31lb
2025-07-25 10:05:45 | INFO | b1_fill_sensor_node_tables.py | Inserted data into table: digital_bee_hive_42_dragino_d23_lb
2025-07-25 10:05:45 | INFO | db.py | beehives_sensornodes, total Rows: (7,)
2025-07-25 10:05:45 | INFO | db.py | digital_bee_hive_42_s2120, total Rows: (90,)
2025-07-25 10:05:45 | INFO | db.py | digital_bee_hive_42_dragino_s31lb, total Rows: (270,)
2025-07-25 10:05:45 | INFO | db.py | digital_bee_hive_42_dragino_d23_lb, total Rows: (270,)
2025-07-25 10:05:45 | INFO | db.py | Database connection closed successfully.
2025-07-25 10:05:45 | INFO | run.py | Data stored successfully.
2025-07-25 10:10:45 | INFO | run.py | Starting data collection...
2025-07-25 10:10:45 | INFO | b2_data_collection.py | Database schema exists. Filling tables with values.
2025-07-25 10:10:46 | INFO | a98_db_beehives_update.py | currently no new sensor nodes are mounted Or json file(/s1_data) is not yet updated
2025-07-25 10:10:47 | INFO | b1_fill_sensor_node_tables.py | Inserted data into table: digital_bee_hive_42_s2120
2025-07-25 10:10:47 | INFO | b1_fill_sensor_node_tables.py | Inserted data into table: digital_bee_hive_42_dragino_s31lb
2025-07-25 10:10:48 | INFO | b1_fill_sensor_node_tables.py | Inserted data into table: digital_bee_hive_42_dragino_d23_lb
2025-07-25 10:10:48 | INFO | db.py | beehives_sensornodes, total Rows: (7,)
2025-07-25 10:10:48 | INFO | db.py | digital_bee_hive_42_s2120, total Rows: (90,)
2025-07-25 10:10:48 | INFO | db.py | digital_bee_hive_42_dragino_s31lb, total Rows: (270,)
2025-07-25 10:10:48 | INFO | db.py | digital_bee_hive_42_dragino_d23_lb, total Rows: (270,)
2025-07-25 10:10:48 | INFO | db.py | Database connection closed successfully.
2025-07-25 10:10:48 | INFO | run.py | Data stored successfully.
2025-07-25 10:11:06 | INFO | run.py | Starting data collection...
2025-07-25 10:11:06 | INFO | b2_data_collection.py | Database schema exists. Filling tables with values.
2025-07-25 10:11:07 | INFO | a98_db_beehives_update.py | currently no new sensor nodes are mounted Or json file(/s1_data) is not yet updated
2025-07-25 10:11:08 | INFO | b1_fill_sensor_node_tables.py | Inserted data into table: digital_bee_hive_42_s2120
2025-07-25 10:11:09 | INFO | b1_fill_sensor_node_tables.py | Inserted data into table: digital_bee_hive_42_dragino_s31lb
2025-07-25 10:11:09 | INFO | b1_fill_sensor_node_tables.py | Inserted data into table: digital_bee_hive_42_dragino_d23_lb
2025-07-25 10:11:09 | INFO | db.py | beehives_sensornodes, total Rows: (7,)
2025-07-25 10:11:09 | INFO | db.py | digital_bee_hive_42_s2120, total Rows: (90,)
2025-07-25 10:11:09 | INFO | db.py | digital_bee_hive_42_dragino_s31lb, total Rows: (270,)
2025-07-25 10:11:09 | INFO | db.py | digital_bee_hive_42_dragino_d23_lb, total Rows: (270,)
2025-07-25 10:11:09 | INFO | db.py | Database connection closed successfully.
2025-07-25 10:11:09 | INFO | run.py | Data stored successfully.
2025-07-25 10:12:12 | INFO | run.py | Starting data collection...
2025-07-25 10:12:13 | INFO | b2_data_collection.py | Database schema exists. Filling tables with values.
2025-07-25 10:12:14 | INFO | a98_db_beehives_update.py | currently no new sensor nodes are mounted Or json file(/s1_data) is not yet updated
2025-07-25 10:12:15 | INFO | b1_fill_sensor_node_tables.py | Inserted data into table: digital_bee_hive_42_s2120
2025-07-25 10:12:15 | INFO | b1_fill_sensor_node_tables.py | Inserted data into table: digital_bee_hive_42_dragino_s31lb
2025-07-25 10:12:16 | INFO | b1_fill_sensor_node_tables.py | Inserted data into table: digital_bee_hive_42_dragino_d23_lb
2025-07-25 10:12:16 | INFO | db.py | beehives_sensornodes, total Rows: (7,)
2025-07-25 10:12:17 | INFO | db.py | digital_bee_hive_42_s2120, total Rows: (90,)
2025-07-25 10:12:17 | INFO | db.py | digital_bee_hive_42_dragino_s31lb, total Rows: (270,)
2025-07-25 10:12:17 | INFO | db.py | digital_bee_hive_42_dragino_d23_lb, total Rows: (270,)
2025-07-25 10:12:17 | INFO | db.py | Database connection closed successfully.
2025-07-25 10:12:17 | INFO | run.py | Data stored successfully.
2025-07-25 10:17:17 | INFO | run.py | Starting data collection...
2025-07-25 10:17:17 | INFO | b2_data_collection.py | Database schema exists. Filling tables with values.
2025-07-25 10:17:18 | INFO | a98_db_beehives_update.py | currently no new sensor nodes are mounted Or json file(/s1_data) is not yet updated
2025-07-25 10:17:20 | INFO | b1_fill_sensor_node_tables.py | Inserted data into table: digital_bee_hive_42_s2120
2025-07-25 10:17:20 | INFO | b1_fill_sensor_node_tables.py | Inserted data into table: digital_bee_hive_42_dragino_s31lb
2025-07-25 10:17:21 | INFO | b1_fill_sensor_node_tables.py | Inserted data into table: digital_bee_hive_42_dragino_d23_lb
2025-07-25 10:17:21 | INFO | db.py | beehives_sensornodes, total Rows: (7,)
2025-07-25 10:17:21 | INFO | db.py | digital_bee_hive_42_s2120, total Rows: (90,)
2025-07-25 10:17:21 | INFO | db.py | digital_bee_hive_42_dragino_s31lb, total Rows: (270,)
2025-07-25 10:17:21 | INFO | db.py | digital_bee_hive_42_dragino_d23_lb, total Rows: (270,)
2025-07-25 10:17:21 | INFO | db.py | Database connection closed successfully.
2025-07-25 10:17:21 | INFO | run.py | Data stored successfully.
2025-07-25 10:21:20 | INFO | run.py | Starting data collection...
2025-07-25 10:21:21 | INFO | b2_data_collection.py | Database schema exists. Filling tables with values.
2025-07-25 10:21:23 | INFO | b1_fill_sensor_node_tables.py | Inserted data into table: digital_bee_hive_42_s2120
2025-07-25 10:21:23 | INFO | b1_fill_sensor_node_tables.py | Inserted data into table: digital_bee_hive_42_dragino_s31lb
2025-07-25 10:21:23 | INFO | b1_fill_sensor_node_tables.py | Inserted data into table: digital_bee_hive_42_dragino_d23_lb
2025-07-25 10:21:23 | ERROR | run.py | Error occurred during data storage and Program Terminated abruptly
Traceback (most recent call last):
  File "E:\VS_Code_Projects_2025\42\BeeHappy/src/run.py", line 21, in run_every_5minutes
    beehappy_data_collection()
  File "E:\VS_Code_Projects_2025\42\BeeHappy/src\s4_collect\b2_data_collection.py", line 72, in beehappy_data_collection
    filling_tables_with_sensor_measured_values(cursor)
  File "E:\VS_Code_Projects_2025\42\BeeHappy/src\s4_collect\b1_fill_sensor_node_tables.py", line 131, in filling_tables_with_sensor_measured_values
    print_dbTables_totalRows(cursor)
  File "E:\VS_Code_Projects_2025\42\BeeHappy/src\utils\db.py", line 68, in print_dbTables_totalRows
    cursor.execute(f"""
psycopg2.errors.SyntaxError: syntax error at or near "ASEC"
LINE 3:             ORDER BY time_of_save ASEC
                                          ^

2025-07-25 10:21:26 | INFO | monitor.py | Email sent to yamini.technical@yahoo.com
2025-07-25 10:26:15 | INFO | run.py | Starting data collection...
2025-07-25 10:26:15 | INFO | b2_data_collection.py | Database schema exists. Filling tables with values.
2025-07-25 10:26:17 | INFO | b1_fill_sensor_node_tables.py | Inserted data into table: digital_bee_hive_42_s2120
2025-07-25 10:26:18 | INFO | b1_fill_sensor_node_tables.py | Inserted data into table: digital_bee_hive_42_dragino_s31lb
2025-07-25 10:26:18 | INFO | b1_fill_sensor_node_tables.py | Inserted data into table: digital_bee_hive_42_dragino_d23_lb
2025-07-25 10:26:18 | INFO | db.py | beehives_sensornodes, total Rows: (7,)
2025-07-25 10:26:18 | INFO | db.py | digital_bee_hive_42_s2120, total Rows: (90,)
2025-07-25 10:26:19 | INFO | db.py | digital_bee_hive_42_dragino_s31lb, total Rows: (270,)
2025-07-25 10:26:19 | INFO | db.py | digital_bee_hive_42_dragino_d23_lb, total Rows: (270,)
2025-07-25 10:26:19 | INFO | db.py | Database connection closed successfully.
2025-07-25 10:26:19 | INFO | run.py | Data stored successfully.
2025-07-25 10:31:19 | INFO | run.py | Starting data collection...
2025-07-25 10:31:19 | INFO | b2_data_collection.py | Database schema exists. Filling tables with values.
2025-07-25 10:31:21 | INFO | b1_fill_sensor_node_tables.py | Inserted data into table: digital_bee_hive_42_s2120
2025-07-25 10:31:22 | INFO | b1_fill_sensor_node_tables.py | Inserted data into table: digital_bee_hive_42_dragino_s31lb
2025-07-25 10:31:22 | INFO | b1_fill_sensor_node_tables.py | Inserted data into table: digital_bee_hive_42_dragino_d23_lb
2025-07-25 10:31:22 | INFO | db.py | beehives_sensornodes, total Rows: (7,)
2025-07-25 10:31:22 | INFO | db.py | digital_bee_hive_42_s2120, total Rows: (90,)
2025-07-25 10:31:23 | INFO | db.py | digital_bee_hive_42_dragino_s31lb, total Rows: (270,)
2025-07-25 10:31:23 | INFO | db.py | digital_bee_hive_42_dragino_d23_lb, total Rows: (270,)
2025-07-25 10:31:23 | INFO | db.py | Database connection closed successfully.
2025-07-25 10:31:23 | INFO | run.py | Data stored successfully.
2025-07-25 10:36:23 | INFO | run.py | Starting data collection...
2025-07-25 10:36:23 | INFO | b2_data_collection.py | Database schema exists. Filling tables with values.
2025-07-25 10:36:26 | INFO | b1_fill_sensor_node_tables.py | Inserted data into table: digital_bee_hive_42_s2120
2025-07-25 10:36:26 | INFO | b1_fill_sensor_node_tables.py | Inserted data into table: digital_bee_hive_42_dragino_s31lb
2025-07-25 10:36:26 | INFO | b1_fill_sensor_node_tables.py | Inserted data into table: digital_bee_hive_42_dragino_d23_lb
2025-07-25 10:36:26 | INFO | db.py | beehives_sensornodes, total Rows: (7,)
2025-07-25 10:36:26 | INFO | db.py | digital_bee_hive_42_s2120, total Rows: (90,)
2025-07-25 10:36:27 | INFO | db.py | digital_bee_hive_42_dragino_s31lb, total Rows: (270,)
2025-07-25 10:36:27 | INFO | db.py | digital_bee_hive_42_dragino_d23_lb, total Rows: (270,)
2025-07-25 10:36:27 | INFO | db.py | Database connection closed successfully.
2025-07-25 10:36:27 | INFO | run.py | Data stored successfully.
2025-07-25 10:41:27 | INFO | run.py | Starting data collection...
2025-07-25 10:41:27 | INFO | b2_data_collection.py | Database schema exists. Filling tables with values.
2025-07-25 10:41:30 | INFO | b1_fill_sensor_node_tables.py | Inserted data into table: digital_bee_hive_42_s2120
2025-07-25 10:41:30 | INFO | b1_fill_sensor_node_tables.py | Inserted data into table: digital_bee_hive_42_dragino_s31lb
2025-07-25 10:41:30 | INFO | b1_fill_sensor_node_tables.py | Inserted data into table: digital_bee_hive_42_dragino_d23_lb
2025-07-25 10:41:30 | INFO | db.py | beehives_sensornodes, total Rows: (7,)
2025-07-25 10:41:30 | INFO | db.py | digital_bee_hive_42_s2120, total Rows: (90,)
2025-07-25 10:41:30 | INFO | db.py | digital_bee_hive_42_dragino_s31lb, total Rows: (270,)
2025-07-25 10:41:31 | INFO | db.py | digital_bee_hive_42_dragino_d23_lb, total Rows: (270,)
2025-07-25 10:41:31 | INFO | db.py | Database connection closed successfully.
2025-07-25 10:41:31 | INFO | run.py | Data stored successfully.
2025-07-25 10:43:18 | INFO | run.py | Starting data collection...
2025-07-25 10:43:20 | INFO | a99_db_schema_creation.py | Deleting existing database schema...
2025-07-25 10:43:20 | INFO | a99_db_schema_creation.py | Database schema deleted successfully.
2025-07-25 10:43:20 | INFO | a99_db_schema_creation.py | Database schema created successfully.
2025-07-25 10:43:22 | INFO | b2_data_collection.py | Database schema deleted. Recreated again and beehives table filled.
2025-07-25 10:43:22 | INFO | db.py | Database connection closed successfully.
2025-07-25 10:43:22 | INFO | run.py | Data stored successfully.
2025-07-25 10:48:22 | INFO | run.py | Starting data collection...
2025-07-25 10:48:24 | INFO | a99_db_schema_creation.py | Deleting existing database schema...
2025-07-25 10:48:24 | INFO | a99_db_schema_creation.py | Database schema deleted successfully.
2025-07-25 10:48:24 | INFO | a99_db_schema_creation.py | Database schema created successfully.
2025-07-25 10:48:26 | INFO | b2_data_collection.py | Database schema deleted. Recreated again and beehives table filled.
2025-07-25 10:48:26 | INFO | db.py | Database connection closed successfully.
2025-07-25 10:48:26 | INFO | run.py | Data stored successfully.
2025-07-25 10:53:12 | INFO | run.py | Starting data collection...
2025-07-25 10:53:13 | INFO | a99_db_schema_creation.py | Deleting existing database schema...
2025-07-25 10:53:14 | INFO | a99_db_schema_creation.py | Database schema deleted successfully.
2025-07-25 10:53:14 | INFO | a99_db_schema_creation.py | Database schema created successfully.
2025-07-25 10:53:16 | INFO | b2_data_collection.py | Database schema deleted. Recreated again and beehives table filled.
2025-07-25 10:53:16 | INFO | db.py | Database connection closed successfully.
2025-07-25 10:53:16 | INFO | run.py | Data stored successfully.
2025-07-25 10:53:31 | INFO | run.py | Starting data collection...
2025-07-25 10:53:32 | INFO | a99_db_schema_creation.py | Deleting existing database schema...
2025-07-25 10:53:33 | INFO | a99_db_schema_creation.py | Database schema deleted successfully.
2025-07-25 10:53:33 | INFO | a99_db_schema_creation.py | Database schema created successfully.
2025-07-25 10:53:36 | INFO | b2_data_collection.py | Database schema deleted. Recreated again and beehives table filled.
2025-07-25 10:53:36 | INFO | db.py | Database connection closed successfully.
2025-07-25 10:53:36 | INFO | run.py | Data stored successfully.
2025-07-25 10:56:14 | INFO | run.py | Starting data collection...
2025-07-25 10:56:15 | INFO | b2_data_collection.py | Database schema exists. Filling tables with values.
2025-07-25 10:56:16 | INFO | a98_db_beehives_update.py | currently no new sensor nodes are mounted Or json file(/s1_data) is not yet updated
2025-07-25 10:56:17 | INFO | b1_fill_sensor_node_tables.py | Inserted data into table: digital_bee_hive_42_s2120
2025-07-25 10:56:17 | INFO | b1_fill_sensor_node_tables.py | Inserted data into table: digital_bee_hive_42_dragino_s31lb
2025-07-25 10:56:17 | INFO | b1_fill_sensor_node_tables.py | Inserted data into table: digital_bee_hive_42_dragino_d23_lb
2025-07-25 10:56:18 | INFO | db.py | beehives_sensornodes, total Rows: (7,)
2025-07-25 10:56:18 | INFO | db.py | digital_bee_hive_42_s2120, total Rows: (90,)
2025-07-25 10:56:18 | INFO | db.py | digital_bee_hive_42_dragino_s31lb, total Rows: (270,)
2025-07-25 10:56:18 | INFO | db.py | digital_bee_hive_42_dragino_d23_lb, total Rows: (270,)
2025-07-25 10:56:18 | INFO | db.py | Database connection closed successfully.
2025-07-25 10:56:18 | INFO | run.py | Data stored successfully.
2025-07-25 11:01:18 | INFO | run.py | Starting data collection...
2025-07-25 11:01:18 | INFO | b2_data_collection.py | Database schema exists. Filling tables with values.
2025-07-25 11:01:20 | INFO | a98_db_beehives_update.py | currently no new sensor nodes are mounted Or json file(/s1_data) is not yet updated
2025-07-25 11:01:21 | INFO | b1_fill_sensor_node_tables.py | Inserted data into table: digital_bee_hive_42_s2120
2025-07-25 11:01:21 | INFO | b1_fill_sensor_node_tables.py | Inserted data into table: digital_bee_hive_42_dragino_s31lb
2025-07-25 11:01:21 | INFO | b1_fill_sensor_node_tables.py | Inserted data into table: digital_bee_hive_42_dragino_d23_lb
2025-07-25 11:01:21 | INFO | db.py | beehives_sensornodes, total Rows: (7,)
2025-07-25 11:01:21 | INFO | db.py | digital_bee_hive_42_s2120, total Rows: (90,)
2025-07-25 11:01:21 | INFO | db.py | digital_bee_hive_42_dragino_s31lb, total Rows: (270,)
2025-07-25 11:01:22 | INFO | db.py | digital_bee_hive_42_dragino_d23_lb, total Rows: (270,)
2025-07-25 11:01:22 | INFO | db.py | Database connection closed successfully.
2025-07-25 11:01:22 | INFO | run.py | Data stored successfully.
2025-07-25 11:06:22 | INFO | run.py | Starting data collection...
2025-07-25 11:06:22 | INFO | b2_data_collection.py | Database schema exists. Filling tables with values.
2025-07-25 11:06:24 | INFO | a98_db_beehives_update.py | currently no new sensor nodes are mounted Or json file(/s1_data) is not yet updated
2025-07-25 11:06:25 | INFO | b1_fill_sensor_node_tables.py | Inserted data into table: digital_bee_hive_42_s2120
2025-07-25 11:06:25 | INFO | b1_fill_sensor_node_tables.py | Inserted data into table: digital_bee_hive_42_dragino_s31lb
2025-07-25 11:06:25 | INFO | b1_fill_sensor_node_tables.py | Inserted data into table: digital_bee_hive_42_dragino_d23_lb
2025-07-25 11:06:25 | INFO | db.py | beehives_sensornodes, total Rows: (7,)
2025-07-25 11:06:25 | INFO | db.py | digital_bee_hive_42_s2120, total Rows: (90,)
2025-07-25 11:06:25 | INFO | db.py | digital_bee_hive_42_dragino_s31lb, total Rows: (270,)
2025-07-25 11:06:25 | INFO | db.py | digital_bee_hive_42_dragino_d23_lb, total Rows: (270,)
2025-07-25 11:06:25 | INFO | db.py | Database connection closed successfully.
2025-07-25 11:06:25 | INFO | run.py | Data stored successfully.
2025-07-25 11:11:26 | INFO | run.py | Starting data collection...
2025-07-25 11:11:26 | INFO | b2_data_collection.py | Database schema exists. Filling tables with values.
2025-07-25 11:11:27 | INFO | a98_db_beehives_update.py | currently no new sensor nodes are mounted Or json file(/s1_data) is not yet updated
2025-07-25 11:11:28 | INFO | b1_fill_sensor_node_tables.py | Inserted data into table: digital_bee_hive_42_s2120
2025-07-25 11:11:29 | INFO | b1_fill_sensor_node_tables.py | Inserted data into table: digital_bee_hive_42_dragino_s31lb
2025-07-25 11:11:29 | INFO | b1_fill_sensor_node_tables.py | Inserted data into table: digital_bee_hive_42_dragino_d23_lb
2025-07-25 11:11:29 | INFO | db.py | beehives_sensornodes, total Rows: (7,)
2025-07-25 11:11:29 | INFO | db.py | digital_bee_hive_42_s2120, total Rows: (90,)
2025-07-25 11:11:29 | INFO | db.py | digital_bee_hive_42_dragino_s31lb, total Rows: (270,)
2025-07-25 11:11:29 | INFO | db.py | digital_bee_hive_42_dragino_d23_lb, total Rows: (270,)
2025-07-25 11:11:29 | INFO | db.py | Database connection closed successfully.
2025-07-25 11:11:29 | INFO | run.py | Data stored successfully.
2025-07-25 11:16:29 | INFO | run.py | Starting data collection...
2025-07-25 11:16:30 | INFO | b2_data_collection.py | Database schema exists. Filling tables with values.
2025-07-25 11:16:31 | INFO | a98_db_beehives_update.py | currently no new sensor nodes are mounted Or json file(/s1_data) is not yet updated
2025-07-25 11:16:32 | INFO | b1_fill_sensor_node_tables.py | Inserted data into table: digital_bee_hive_42_s2120
2025-07-25 11:16:32 | INFO | b1_fill_sensor_node_tables.py | Inserted data into table: digital_bee_hive_42_dragino_s31lb
2025-07-25 11:16:32 | INFO | b1_fill_sensor_node_tables.py | Inserted data into table: digital_bee_hive_42_dragino_d23_lb
2025-07-25 11:16:33 | INFO | db.py | beehives_sensornodes, total Rows: (7,)
2025-07-25 11:16:33 | INFO | db.py | digital_bee_hive_42_s2120, total Rows: (90,)
2025-07-25 11:16:33 | INFO | db.py | digital_bee_hive_42_dragino_s31lb, total Rows: (270,)
2025-07-25 11:16:33 | INFO | db.py | digital_bee_hive_42_dragino_d23_lb, total Rows: (270,)
2025-07-25 11:16:33 | INFO | db.py | Database connection closed successfully.
2025-07-25 11:16:33 | INFO | run.py | Data stored successfully.
2025-07-25 11:21:33 | INFO | run.py | Starting data collection...
2025-07-25 11:21:34 | INFO | b2_data_collection.py | Database schema exists. Filling tables with values.
2025-07-25 11:21:35 | INFO | a98_db_beehives_update.py | currently no new sensor nodes are mounted Or json file(/s1_data) is not yet updated
2025-07-25 11:21:36 | INFO | b1_fill_sensor_node_tables.py | Inserted data into table: digital_bee_hive_42_s2120
2025-07-25 11:21:36 | INFO | b1_fill_sensor_node_tables.py | Inserted data into table: digital_bee_hive_42_dragino_s31lb
2025-07-25 11:21:36 | INFO | b1_fill_sensor_node_tables.py | Inserted data into table: digital_bee_hive_42_dragino_d23_lb
2025-07-25 11:21:36 | INFO | db.py | beehives_sensornodes, total Rows: (7,)
2025-07-25 11:21:36 | INFO | db.py | digital_bee_hive_42_s2120, total Rows: (90,)
2025-07-25 11:21:37 | INFO | db.py | digital_bee_hive_42_dragino_s31lb, total Rows: (270,)
2025-07-25 11:21:37 | INFO | db.py | digital_bee_hive_42_dragino_d23_lb, total Rows: (270,)
2025-07-25 11:21:37 | INFO | db.py | Database connection closed successfully.
2025-07-25 11:21:37 | INFO | run.py | Data stored successfully.
2025-07-25 11:22:34 | INFO | run.py | Starting data collection...
2025-07-25 11:22:34 | ERROR | run.py | Error occurred during data storage and Program Terminated abruptly
Traceback (most recent call last):
  File "E:\VS_Code_Projects_2025\42\BeeHappy/src/run.py", line 26, in run_every_5minutes
    beehappy_data_collection()
  File "E:\VS_Code_Projects_2025\42\BeeHappy/src\s4_collect\b2_data_collection.py", line 54, in beehappy_data_collection
    cursor.autoCommit = False
    ^^^^^^^^^^^^^^^^^
AttributeError: 'psycopg2.extensions.cursor' object has no attribute 'autoCommit'
2025-07-25 11:22:37 | INFO | monitor.py | Email sent to yamini.technical@yahoo.com
2025-07-25 11:22:37 | INFO | run.py | Waiting for 15 minutes before the next data collection cycle...
2025-07-25 11:23:24 | INFO | run.py | Starting data collection...
2025-07-25 11:23:24 | ERROR | run.py | Error occurred during data storage and Program Terminated abruptly
Traceback (most recent call last):
  File "E:\VS_Code_Projects_2025\42\BeeHappy/src/run.py", line 26, in run_every_5minutes
    beehappy_data_collection()
  File "E:\VS_Code_Projects_2025\42\BeeHappy/src\s4_collect\b2_data_collection.py", line 54, in beehappy_data_collection
    cursor.autocommit = False
    ^^^^^^^^^^^^^^^^^
AttributeError: 'psycopg2.extensions.cursor' object has no attribute 'autocommit'
2025-07-25 11:23:27 | INFO | monitor.py | Email sent to yamini.technical@yahoo.com
2025-07-25 11:23:27 | INFO | run.py | Waiting for 15 minutes before the next data collection cycle...
2025-07-25 11:25:00 | INFO | run.py | Starting data collection...
2025-07-25 11:25:01 | INFO | b2_data_collection.py | Database schema exists. Filling tables with values.
2025-07-25 11:25:02 | INFO | a98_db_beehives_update.py | currently no new sensor nodes are mounted Or json file(/s1_data) is not yet updated
2025-07-25 11:25:03 | INFO | b1_fill_sensor_node_tables.py | Inserted data into table: digital_bee_hive_42_s2120
2025-07-25 11:25:03 | INFO | b1_fill_sensor_node_tables.py | Inserted data into table: digital_bee_hive_42_dragino_s31lb
2025-07-25 11:25:03 | INFO | b1_fill_sensor_node_tables.py | Inserted data into table: digital_bee_hive_42_dragino_d23_lb
2025-07-25 11:25:04 | INFO | db.py | beehives_sensornodes, total Rows: (7,)
2025-07-25 11:25:04 | INFO | db.py | digital_bee_hive_42_s2120, total Rows: (90,)
2025-07-25 11:25:04 | INFO | db.py | digital_bee_hive_42_dragino_s31lb, total Rows: (270,)
2025-07-25 11:25:04 | INFO | db.py | digital_bee_hive_42_dragino_d23_lb, total Rows: (270,)
2025-07-25 11:25:04 | INFO | b2_data_collection.py | Data collection and insertion completed successfully.
2025-07-25 11:31:45 | INFO | run.py | Starting data collection...
2025-07-25 11:31:46 | INFO | b2_data_collection.py | Database schema exists. Filling tables with values.
2025-07-25 11:31:47 | INFO | a98_db_beehives_update.py | currently no new sensor nodes are mounted Or json file(/s1_data) is not yet updated
2025-07-25 11:31:48 | INFO | b1_fill_sensor_node_tables.py | Inserted data into table: digital_bee_hive_42_s2120
2025-07-25 11:31:49 | INFO | b1_fill_sensor_node_tables.py | Inserted data into table: digital_bee_hive_42_dragino_s31lb
2025-07-25 11:31:49 | INFO | b1_fill_sensor_node_tables.py | Inserted data into table: digital_bee_hive_42_dragino_d23_lb
2025-07-25 11:31:49 | INFO | db.py | beehives_sensornodes, total Rows: (7,)
2025-07-25 11:31:49 | INFO | db.py | Last row: (1, '-', 'LoRa-2CF7F1C0613005BC', 'LoRaWAN SenseCAP-S2120', 'cb45a700-fa97-11ef-9d11-f54d6a2753bf', datetime.datetime(2025, 7, 13, 15, 48, 25, 27021))
2025-07-25 11:31:49 | INFO | db.py | digital_bee_hive_42_s2120, total Rows: (91,)
2025-07-25 11:31:49 | INFO | db.py | Last row: (181, 1, datetime.datetime(2025, 7, 25, 11, 31, 48), 25896, 0, 78, Decimal('20.60'), 99850, 140, Decimal('2.00'), Decimal('0.00'), None)
2025-07-25 11:31:49 | INFO | db.py | digital_bee_hive_42_dragino_s31lb, total Rows: (273,)
2025-07-25 11:31:49 | INFO | db.py | Last row: (538, 3, datetime.datetime(2025, 7, 25, 11, 31, 49), Decimal('33.10'), Decimal('67.40'), None)
2025-07-25 11:31:49 | INFO | db.py | digital_bee_hive_42_dragino_d23_lb, total Rows: (273,)
2025-07-25 11:31:49 | INFO | db.py | Last row: (538, 6, datetime.datetime(2025, 7, 25, 11, 31, 49), Decimal('27.80'), Decimal('27.50'), Decimal('27.60'), None)
2025-07-25 11:31:49 | INFO | b2_data_collection.py | Data collection and insertion completed successfully.
2025-07-25 11:32:48 | INFO | run.py | Starting data collection...
2025-07-25 11:32:48 | INFO | b2_data_collection.py | Database schema exists. Filling tables with values.
2025-07-25 11:32:49 | INFO | a98_db_beehives_update.py | currently no new sensor nodes are mounted Or json file(/s1_data) is not yet updated
2025-07-25 11:32:51 | INFO | b1_fill_sensor_node_tables.py | Inserted data into table: digital_bee_hive_42_s2120
2025-07-25 11:32:51 | INFO | b1_fill_sensor_node_tables.py | Inserted data into table: digital_bee_hive_42_dragino_s31lb
2025-07-25 11:32:51 | INFO | b1_fill_sensor_node_tables.py | Inserted data into table: digital_bee_hive_42_dragino_d23_lb
2025-07-25 11:32:51 | INFO | db.py | beehives_sensornodes, total Rows: (7,)
2025-07-25 11:32:51 | INFO | db.py | Last row: (1, '-', 'LoRa-2CF7F1C0613005BC', 'LoRaWAN SenseCAP-S2120', 'cb45a700-fa97-11ef-9d11-f54d6a2753bf', datetime.datetime(2025, 7, 13, 15, 48, 25, 27021))
2025-07-25 11:32:51 | INFO | db.py | digital_bee_hive_42_s2120, total Rows: (92,)
2025-07-25 11:32:52 | INFO | db.py | Last row: (182, 1, datetime.datetime(2025, 7, 25, 11, 32, 51), 25896, 0, 78, Decimal('20.60'), 99850, 140, Decimal('2.00'), Decimal('0.00'), None)
2025-07-25 11:32:52 | INFO | db.py | digital_bee_hive_42_dragino_s31lb, total Rows: (276,)
2025-07-25 11:32:52 | INFO | db.py | Last row: (541, 3, datetime.datetime(2025, 7, 25, 11, 32, 51), Decimal('33.10'), Decimal('67.40'), None)
2025-07-25 11:32:52 | INFO | db.py | digital_bee_hive_42_dragino_d23_lb, total Rows: (276,)
2025-07-25 11:32:52 | INFO | db.py | Last row: (541, 6, datetime.datetime(2025, 7, 25, 11, 32, 51), Decimal('27.80'), Decimal('27.50'), Decimal('27.60'), None)
2025-07-25 11:32:52 | INFO | b2_data_collection.py | Data collection and insertion completed successfully.
2025-08-01 15:51:13 | INFO | run.py | Starting data collection...
2025-08-01 15:51:13 | ERROR | run.py | Error occurred during data storage and Program Terminated abruptly
Traceback (most recent call last):
  File "E:\VS_Code_Projects_2025\42\BeeHappy/src/run.py", line 24, in run_every_5minutes
    s=1/0
      ~^~
ZeroDivisionError: division by zero
2025-08-01 15:51:15 | INFO | monitor.py | Failed to send email: Connection unexpectedly closed
2025-08-01 15:51:15 | INFO | run.py | Waiting for 15 minutes before the next data collection cycle...
2025-08-01 15:54:29 | INFO | run.py | Starting data collection...
2025-08-01 15:54:29 | ERROR | run.py | Error occurred during data storage and Program Terminated abruptly
Traceback (most recent call last):
  File "E:\VS_Code_Projects_2025\42\BeeHappy/src/run.py", line 24, in run_every_5minutes
    s=1/0
      ~^~
ZeroDivisionError: division by zero
2025-08-01 15:54:30 | INFO | monitor.py | Failed to send email: Connection unexpectedly closed
2025-08-01 15:55:56 | INFO | run.py | Starting data collection...
2025-08-01 15:55:56 | ERROR | run.py | Error occurred during data storage and Program Terminated abruptly
Traceback (most recent call last):
  File "E:\VS_Code_Projects_2025\42\BeeHappy/src/run.py", line 24, in run_every_5minutes
    s=1/0
      ~^~
ZeroDivisionError: division by zero
2025-08-01 15:55:56 | INFO | monitor.py | Failed to send email: [Errno 11001] getaddrinfo failed
2025-08-01 16:03:00 | INFO | run.py | Starting data collection...
2025-08-01 16:03:00 | ERROR | run.py | Error occurred during data storage and Program Terminated abruptly
Traceback (most recent call last):
  File "E:\VS_Code_Projects_2025\42\BeeHappy/src/run.py", line 24, in run_every_5minutes
    s=1/0
      ~^~
ZeroDivisionError: division by zero
2025-08-01 16:03:00 | INFO | monitor.py | Failed to send email: [Errno 11001] getaddrinfo failed
2025-08-01 16:03:21 | INFO | run.py | Starting data collection...
2025-08-01 16:03:22 | INFO | b2_data_collection.py | Database schema exists. Filling tables with values.
2025-08-01 16:03:23 | INFO | a98_db_beehives_update.py | currently no new sensor nodes are mounted Or json file(/s1_data) is not yet updated
2025-08-01 16:03:25 | INFO | b1_fill_sensor_node_tables.py | Inserted data into table: digital_bee_hive_42_s2120
2025-08-01 16:03:25 | INFO | b1_fill_sensor_node_tables.py | Inserted data into table: digital_bee_hive_42_dragino_s31lb
2025-08-01 16:03:25 | INFO | b1_fill_sensor_node_tables.py | Inserted data into table: digital_bee_hive_42_dragino_d23_lb
2025-08-01 16:03:25 | INFO | db.py | beehives_sensornodes, Total Rows: (7,)
2025-08-01 16:03:25 | INFO | db.py | Last row: (1, '-', 'LoRa-2CF7F1C0613005BC', 'LoRaWAN SenseCAP-S2120', 'cb45a700-fa97-11ef-9d11-f54d6a2753bf', datetime.datetime(2025, 7, 13, 15, 48, 25, 27021))
2025-08-01 16:03:25 | INFO | db.py | digital_bee_hive_42_s2120, Total Rows: (189,)
2025-08-01 16:03:25 | INFO | db.py | Last row: (279, 1, datetime.datetime(2025, 8, 1, 16, 3, 24), 86401, 0, 70, Decimal('21.20'), 99430, 341, Decimal('6.80'), Decimal('1.20'), None)
2025-08-01 16:03:25 | INFO | db.py | digital_bee_hive_42_dragino_s31lb, Total Rows: (567,)
2025-08-01 16:03:25 | INFO | db.py | Last row: (832, 3, datetime.datetime(2025, 8, 1, 16, 3, 25), Decimal('32.90'), Decimal('66.20'), None)
2025-08-01 16:03:25 | INFO | db.py | digital_bee_hive_42_dragino_d23_lb, Total Rows: (567,)
2025-08-01 16:03:25 | INFO | db.py | Last row: (832, 6, datetime.datetime(2025, 8, 1, 16, 3, 25), Decimal('26.80'), Decimal('27.00'), Decimal('27.00'), None)
2025-08-01 16:03:25 | INFO | b2_data_collection.py | Data collection and insertion completed successfully.
